--------
Fri Oct  6 16:08:46 +08 2017
Process gdsd not found
Start gdsd
Start Daemon, pid path:/opt/auto_test/gds_docker/gds/log/gdsd.pid
After Start
Fri Oct  6 16:08:47 +08 2017
--------
Fri Oct  6 16:08:57 +08 2017
Process gdsd not found
Start gdsd
Start Daemon, pid path:/opt/auto_test/gds_docker/gds/log/gdsd.pid
After Start
Fri Oct  6 16:08:58 +08 2017
--------
Fri Oct  6 16:09:08 +08 2017
Process gdsd not found
Start gdsd
Start Daemon, pid path:/opt/auto_test/gds_docker/gds/log/gdsd.pid
After Start
Fri Oct  6 16:09:09 +08 2017
--------
Fri Oct  6 16:09:19 +08 2017
Process gdsd not found
Start gdsd
Start Daemon, pid path:/opt/auto_test/gds_docker/gds/log/gdsd.pid
After Start
Fri Oct  6 16:09:20 +08 2017
--------
Fri Oct  6 16:09:30 +08 2017
Process gdsd not found
Start gdsd
Start Daemon, pid path:/opt/auto_test/gds_docker/gds/log/gdsd.pid
After Start
Fri Oct  6 16:09:31 +08 2017
--------
Fri Oct  6 16:09:41 +08 2017
Process gdsd not found
Start gdsd
Start Daemon, pid path:/opt/auto_test/gds_docker/gds/log/gdsd.pid
After Start
Fri Oct  6 16:09:42 +08 2017
--------
Fri Oct  6 16:09:52 +08 2017
Process gdsd not found
Start gdsd
Start Daemon, pid path:/opt/auto_test/gds_docker/gds/log/gdsd.pid
After Start
Fri Oct  6 16:09:53 +08 2017
--------
Fri Oct  6 16:10:03 +08 2017
Process gdsd not found
Start gdsd
Start Daemon, pid path:/opt/auto_test/gds_docker/gds/log/gdsd.pid
After Start
Fri Oct  6 16:10:04 +08 2017
--------
Fri Oct  6 16:10:14 +08 2017
Process gdsd not found
Start gdsd
Start Daemon, pid path:/opt/auto_test/gds_docker/gds/log/gdsd.pid
After Start
Fri Oct  6 16:10:15 +08 2017
--------
Fri Oct  6 16:10:25 +08 2017
Process gdsd not found
Start gdsd
Start Daemon, pid path:/opt/auto_test/gds_docker/gds/log/gdsd.pid
After Start
Fri Oct  6 16:10:26 +08 2017
--------
Fri Oct  6 16:10:36 +08 2017
Process gdsd not found
Start gdsd
Start Daemon, pid path:/opt/auto_test/gds_docker/gds/log/gdsd.pid
After Start
Fri Oct  6 16:10:38 +08 2017
--------
Fri Oct  6 16:10:48 +08 2017
Process gdsd not found
Start gdsd
Start Daemon, pid path:/opt/auto_test/gds_docker/gds/log/gdsd.pid
After Start
Fri Oct  6 16:10:49 +08 2017
--------
Fri Oct  6 16:10:59 +08 2017
Process gdsd not found
Start gdsd
Start Daemon, pid path:/opt/auto_test/gds_docker/gds/log/gdsd.pid
After Start
Fri Oct  6 16:11:00 +08 2017
--------
Fri Oct  6 16:11:10 +08 2017
Process gdsd not found
Start gdsd
Start Daemon, pid path:/opt/auto_test/gds_docker/gds/log/gdsd.pid
After Start
Fri Oct  6 16:11:11 +08 2017
--------
Fri Oct  6 16:11:21 +08 2017
Process gdsd not found
Start gdsd
Start Daemon, pid path:/opt/auto_test/gds_docker/gds/log/gdsd.pid
After Start
Fri Oct  6 16:11:22 +08 2017
--------
Fri Oct  6 16:11:32 +08 2017
Process gdsd not found
Start gdsd
Start Daemon, pid path:/opt/auto_test/gds_docker/gds/log/gdsd.pid
After Start
Fri Oct  6 16:11:33 +08 2017
--------
Fri Oct  6 16:11:43 +08 2017
Process gdsd not found
Start gdsd
Start Daemon, pid path:/opt/auto_test/gds_docker/gds/log/gdsd.pid
After Start
Fri Oct  6 16:11:44 +08 2017
--------
Fri Oct  6 16:11:54 +08 2017
Process gdsd not found
Start gdsd
Start Daemon, pid path:/opt/auto_test/gds_docker/gds/log/gdsd.pid
After Start
Fri Oct  6 16:11:55 +08 2017
--------
Fri Oct  6 16:12:05 +08 2017
Process gdsd not found
Start gdsd
Start Daemon, pid path:/opt/auto_test/gds_docker/gds/log/gdsd.pid
After Start
Fri Oct  6 16:12:06 +08 2017
--------
Fri Oct  6 16:12:16 +08 2017
Process gdsd not found
Start gdsd
Start Daemon, pid path:/opt/auto_test/gds_docker/gds/log/gdsd.pid
After Start
Fri Oct  6 16:12:17 +08 2017
--------
Fri Oct  6 16:12:27 +08 2017
Process gdsd not found
Start gdsd
Start Daemon, pid path:/opt/auto_test/gds_docker/gds/log/gdsd.pid
After Start
Fri Oct  6 16:12:28 +08 2017
--------
Fri Oct  6 16:12:38 +08 2017
Process gdsd not found
Start gdsd
Start Daemon, pid path:/opt/auto_test/gds_docker/gds/log/gdsd.pid
